[Fri Nov 29 17:27:13.179083 2024] [ssl:warn] [pid 19620:tid 440] AH01909: www.example.com:443:0 server certificate does NOT include an ID which matches the server name
[Fri Nov 29 17:27:13.209609 2024] [ssl:warn] [pid 19620:tid 440] AH01909: www.example.com:443:0 server certificate does NOT include an ID which matches the server name
[Fri Nov 29 17:27:13.240803 2024] [mpm_winnt:notice] [pid 19620:tid 440] AH00455: Apache/2.4.58 (Win64) OpenSSL/3.1.3 PHP/8.2.12 configured -- resuming normal operations
[Fri Nov 29 17:27:13.240803 2024] [mpm_winnt:notice] [pid 19620:tid 440] AH00456: Apache Lounge VS17 Server built: Oct 18 2023 13:03:18
[Fri Nov 29 17:27:13.240803 2024] [core:notice] [pid 19620:tid 440] AH00094: Command line: 'D:\\Xampp\\apache\\bin\\httpd.exe -d D:/Xampp/apache'
[Fri Nov 29 17:27:13.245327 2024] [mpm_winnt:notice] [pid 19620:tid 440] AH00418: Parent: Created child process 20380
[Fri Nov 29 17:27:13.541940 2024] [ssl:warn] [pid 20380:tid 452] AH01909: www.example.com:443:0 server certificate does NOT include an ID which matches the server name
[Fri Nov 29 17:27:13.569903 2024] [ssl:warn] [pid 20380:tid 452] AH01909: www.example.com:443:0 server certificate does NOT include an ID which matches the server name
[Fri Nov 29 17:27:13.599266 2024] [mpm_winnt:notice] [pid 20380:tid 452] AH00354: Child: Starting 150 worker threads.
[Fri Nov 29 17:56:45.128543 2024] [ssl:warn] [pid 14020:tid 420] AH01909: www.example.com:443:0 server certificate does NOT include an ID which matches the server name
[Fri Nov 29 17:56:45.157627 2024] [ssl:warn] [pid 14020:tid 420] AH01909: www.example.com:443:0 server certificate does NOT include an ID which matches the server name
[Fri Nov 29 17:56:45.187353 2024] [mpm_winnt:notice] [pid 14020:tid 420] AH00455: Apache/2.4.58 (Win64) OpenSSL/3.1.3 PHP/8.2.12 configured -- resuming normal operations
[Fri Nov 29 17:56:45.187353 2024] [mpm_winnt:notice] [pid 14020:tid 420] AH00456: Apache Lounge VS17 Server built: Oct 18 2023 13:03:18
[Fri Nov 29 17:56:45.187353 2024] [core:notice] [pid 14020:tid 420] AH00094: Command line: 'd:\\xampp\\apache\\bin\\httpd.exe -d D:/Xampp/apache'
[Fri Nov 29 17:56:45.191362 2024] [mpm_winnt:notice] [pid 14020:tid 420] AH00418: Parent: Created child process 19708
[Fri Nov 29 17:56:45.496814 2024] [ssl:warn] [pid 19708:tid 440] AH01909: www.example.com:443:0 server certificate does NOT include an ID which matches the server name
[Fri Nov 29 17:56:45.522474 2024] [ssl:warn] [pid 19708:tid 440] AH01909: www.example.com:443:0 server certificate does NOT include an ID which matches the server name
[Fri Nov 29 17:56:45.552492 2024] [mpm_winnt:notice] [pid 19708:tid 440] AH00354: Child: Starting 150 worker threads.
[Sat Nov 30 00:07:05.282198 2024] [ssl:warn] [pid 8404:tid 424] AH01909: www.example.com:443:0 server certificate does NOT include an ID which matches the server name
[Sat Nov 30 00:07:05.308490 2024] [core:warn] [pid 8404:tid 424] AH00098: pid file D:/Xampp/apache/logs/httpd.pid overwritten -- Unclean shutdown of previous Apache run?
[Sat Nov 30 00:07:05.310439 2024] [ssl:warn] [pid 8404:tid 424] AH01909: www.example.com:443:0 server certificate does NOT include an ID which matches the server name
[Sat Nov 30 00:07:05.607126 2024] [mpm_winnt:notice] [pid 8404:tid 424] AH00455: Apache/2.4.58 (Win64) OpenSSL/3.1.3 PHP/8.2.12 configured -- resuming normal operations
[Sat Nov 30 00:07:05.607126 2024] [mpm_winnt:notice] [pid 8404:tid 424] AH00456: Apache Lounge VS17 Server built: Oct 18 2023 13:03:18
[Sat Nov 30 00:07:05.607126 2024] [core:notice] [pid 8404:tid 424] AH00094: Command line: 'd:\\xampp\\apache\\bin\\httpd.exe -d D:/Xampp/apache'
[Sat Nov 30 00:07:05.610153 2024] [mpm_winnt:notice] [pid 8404:tid 424] AH00418: Parent: Created child process 16408
[Sat Nov 30 00:07:05.821141 2024] [ssl:warn] [pid 16408:tid 420] AH01909: www.example.com:443:0 server certificate does NOT include an ID which matches the server name
[Sat Nov 30 00:07:05.845516 2024] [ssl:warn] [pid 16408:tid 420] AH01909: www.example.com:443:0 server certificate does NOT include an ID which matches the server name
[Sat Nov 30 00:07:05.872920 2024] [mpm_winnt:notice] [pid 16408:tid 420] AH00354: Child: Starting 150 worker threads.
[Sat Nov 30 00:08:41.272934 2024] [mpm_winnt:crit] [pid 16408:tid 420] AH02538: Child: Parent process exited abruptly. Child process is ending
[Sat Nov 30 00:08:59.804646 2024] [ssl:warn] [pid 8460:tid 396] AH01909: www.example.com:443:0 server certificate does NOT include an ID which matches the server name
[Sat Nov 30 00:08:59.829449 2024] [core:warn] [pid 8460:tid 396] AH00098: pid file D:/Xampp/apache/logs/httpd.pid overwritten -- Unclean shutdown of previous Apache run?
[Sat Nov 30 00:08:59.832478 2024] [ssl:warn] [pid 8460:tid 396] AH01909: www.example.com:443:0 server certificate does NOT include an ID which matches the server name
[Sat Nov 30 00:08:59.858249 2024] [mpm_winnt:notice] [pid 8460:tid 396] AH00455: Apache/2.4.58 (Win64) OpenSSL/3.1.3 PHP/8.2.12 configured -- resuming normal operations
[Sat Nov 30 00:08:59.858249 2024] [mpm_winnt:notice] [pid 8460:tid 396] AH00456: Apache Lounge VS17 Server built: Oct 18 2023 13:03:18
[Sat Nov 30 00:08:59.858249 2024] [core:notice] [pid 8460:tid 396] AH00094: Command line: 'd:\\xampp\\apache\\bin\\httpd.exe -d D:/Xampp/apache'
[Sat Nov 30 00:08:59.860280 2024] [mpm_winnt:notice] [pid 8460:tid 396] AH00418: Parent: Created child process 18152
[Sat Nov 30 00:09:00.070874 2024] [ssl:warn] [pid 18152:tid 372] AH01909: www.example.com:443:0 server certificate does NOT include an ID which matches the server name
[Sat Nov 30 00:09:00.095623 2024] [ssl:warn] [pid 18152:tid 372] AH01909: www.example.com:443:0 server certificate does NOT include an ID which matches the server name
[Sat Nov 30 00:09:00.121967 2024] [mpm_winnt:notice] [pid 18152:tid 372] AH00354: Child: Starting 150 worker threads.
